2024-08-11 17:08:03,081 [INFO] Activator:176 - 


2024-08-11 17:08:03,082 [INFO] Activator:177 - !SESSION log4j initialized
2024-08-11 17:08:05,559 [INFO] LogOutputStream:77 - [STDOUT_REDIRECT] 
2024-08-11 17:08:07,500 [INFO] ApplicationProperties:184 - Using Application install path: C:\ST\STM32CubeIDE_1.16.0\STM32CubeIDE\plugins\com.st.stm32cube.common.mx_6.12.0.202406281431
2024-08-11 17:08:07,513 [INFO] DbMcusXml:78 - Set database path to: C:\ST\STM32CubeIDE_1.16.0\STM32CubeIDE\plugins\com.st.stm32cube.common.mx_6.12.0.202406281431\\db\/mcu/
2024-08-11 17:08:07,513 [INFO] ApiDb:274 - Set plugin database path to: C:\ST\STM32CubeIDE_1.16.0\STM32CubeIDE\plugins\com.st.stm32cube.common.mx_6.12.0.202406281431\\db\/plugins/boardmanager/
2024-08-11 17:08:07,516 [WARN] ApiDb:259 - Overriding images path with different value:  => C:\ST\STM32CubeIDE_1.16.0\STM32CubeIDE\plugins\com.st.stm32cube.common.mx_6.12.0.202406281431\\db\/plugins/mcufinder/images/
2024-08-11 17:08:08,722 [WARN] ApiFinderProperties:113 - C:\Users\vipga\.stmcufinder\plugins\mcufinder\mcu\mcuFinder.mfd doesn't exist
2024-08-11 17:08:08,723 [INFO] ApiDb:250 - Set database path to: C:\Users\vipga\.stmcufinder\plugins\mcufinder//mcu/
2024-08-11 17:08:08,725 [INFO] DbMcusAds:125 - Set database path to: C:\Users\vipga\.stmcufinder\plugins\mcufinder//mcu/
2024-08-11 17:08:08,726 [INFO] CrossReferenceDbSqlite:203 - Set database path to: C:\Users\vipga\.stmcufinder\plugins\mcufinder//mcu/cs/
2024-08-11 17:08:08,831 [INFO] RulesReader:64 - Compatibility file has been processed (297 Rules)
2024-08-11 17:08:08,921 [INFO] DbMcusXml:78 - Set database path to: C:\ST\STM32CubeIDE_1.16.0\STM32CubeIDE\plugins\com.st.stm32cube.common.mx_6.12.0.202406281431\\db\/mcu/
2024-08-11 17:08:08,921 [INFO] ApiDb:274 - Set plugin database path to: C:\ST\STM32CubeIDE_1.16.0\STM32CubeIDE\plugins\com.st.stm32cube.common.mx_6.12.0.202406281431\\db\/plugins/boardmanager/
2024-08-11 17:08:08,921 [INFO] ApiDb:261 - Set plugin images path to: C:\ST\STM32CubeIDE_1.16.0\STM32CubeIDE\plugins\com.st.stm32cube.common.mx_6.12.0.202406281431\\db\/plugins/mcufinder/images/
2024-08-11 17:08:08,921 [WARN] DbFile:41 - Overriding database path with different value: C:\Users\vipga\.stmcufinder\plugins\mcufinder/ => C:\Users\vipga\.stmcufinder\plugins\mcufinder
2024-08-11 17:08:08,921 [INFO] ApiDb:250 - Set database path to: C:\Users\vipga\.stmcufinder\plugins\mcufinder//mcu/
2024-08-11 17:08:08,921 [WARN] DbFile:41 - Overriding database path with different value: C:\Users\vipga\.stmcufinder\plugins\mcufinder/ => C:\Users\vipga\.stmcufinder\plugins\mcufinder
2024-08-11 17:08:08,922 [INFO] DbMcusAds:125 - Set database path to: C:\Users\vipga\.stmcufinder\plugins\mcufinder//mcu/
2024-08-11 17:08:08,922 [WARN] DbFile:41 - Overriding database path with different value: C:\Users\vipga\.stmcufinder\plugins\mcufinder/ => C:\Users\vipga\.stmcufinder\plugins\mcufinder
2024-08-11 17:08:08,922 [WARN] DbFile:41 - Overriding database path with different value: C:\Users\vipga\.stmcufinder\plugins\mcufinder/ => C:\Users\vipga\.stmcufinder\plugins\mcufinder
2024-08-11 17:08:08,922 [INFO] CrossReferenceDbSqlite:203 - Set database path to: C:\Users\vipga\.stmcufinder\plugins\mcufinder//mcu/cs/
2024-08-11 17:08:08,993 [INFO] MainPanel:268 - HeapMemory: 268435456
2024-08-11 17:08:09,082 [INFO] DbMcusXml:78 - Set database path to: C:\ST\STM32CubeIDE_1.16.0\STM32CubeIDE\plugins\com.st.stm32cube.common.mx_6.12.0.202406281431\\db\/mcu/
2024-08-11 17:08:09,082 [INFO] ApiDb:274 - Set plugin database path to: C:\ST\STM32CubeIDE_1.16.0\STM32CubeIDE\plugins\com.st.stm32cube.common.mx_6.12.0.202406281431\\db\/plugins/boardmanager/
2024-08-11 17:08:09,082 [INFO] ApiDb:261 - Set plugin images path to: C:\ST\STM32CubeIDE_1.16.0\STM32CubeIDE\plugins\com.st.stm32cube.common.mx_6.12.0.202406281431\\db\/plugins/mcufinder/images/
2024-08-11 17:08:09,083 [WARN] DbFile:41 - Overriding database path with different value: C:\Users\vipga\.stmcufinder\plugins\mcufinder/ => C:\Users\vipga\.stmcufinder\plugins\mcufinder
2024-08-11 17:08:09,083 [INFO] ApiDb:250 - Set database path to: C:\Users\vipga\.stmcufinder\plugins\mcufinder//mcu/
2024-08-11 17:08:09,083 [WARN] DbFile:41 - Overriding database path with different value: C:\Users\vipga\.stmcufinder\plugins\mcufinder/ => C:\Users\vipga\.stmcufinder\plugins\mcufinder
2024-08-11 17:08:09,083 [INFO] DbMcusAds:125 - Set database path to: C:\Users\vipga\.stmcufinder\plugins\mcufinder//mcu/
2024-08-11 17:08:09,083 [WARN] DbFile:41 - Overriding database path with different value: C:\Users\vipga\.stmcufinder\plugins\mcufinder/ => C:\Users\vipga\.stmcufinder\plugins\mcufinder
2024-08-11 17:08:09,083 [WARN] DbFile:41 - Overriding database path with different value: C:\Users\vipga\.stmcufinder\plugins\mcufinder/ => C:\Users\vipga\.stmcufinder\plugins\mcufinder
2024-08-11 17:08:09,083 [INFO] CrossReferenceDbSqlite:203 - Set database path to: C:\Users\vipga\.stmcufinder\plugins\mcufinder//mcu/cs/
2024-08-11 17:08:09,101 [INFO] ApplicationProperties:184 - Using Application install path: C:\ST\STM32CubeIDE_1.16.0\STM32CubeIDE\plugins\com.st.stm32cube.common.mx_6.12.0.202406281431
2024-08-11 17:08:09,103 [INFO] PluginManage:196 - Search for loadable plugins [exclusion list=, ]
2024-08-11 17:08:09,104 [INFO] PluginManage:310 - Check plugin analytics
2024-08-11 17:08:09,284 [INFO] AnalyticsPlugin:253 - Accepted Software Licenses: 
2024-08-11 17:08:09,284 [INFO] AnalyticsPlugin:255 - Accepted CMSIS Pack Licenses: 
2024-08-11 17:08:09,284 [INFO] AnalyticsPlugin:257 - Accepted Firmware Licenses: 
2024-08-11 17:08:09,287 [INFO] PluginManage:359 - Loaded plugin analytics (category:tool,tabindex:-1)
2024-08-11 17:08:09,288 [INFO] PluginManage:310 - Check plugin cadmodel
2024-08-11 17:08:09,293 [INFO] CADModel:105 - Init CAD model plugin
2024-08-11 17:08:09,293 [INFO] PluginManage:359 - Loaded plugin cadmodel (category:power,tabindex:5)
2024-08-11 17:08:09,293 [INFO] PluginManage:310 - Check plugin clock
2024-08-11 17:08:09,302 [INFO] PluginManage:359 - Loaded plugin clock (category:base,tabindex:2)
2024-08-11 17:08:09,302 [INFO] PluginManage:310 - Check plugin ddr
2024-08-11 17:08:09,304 [INFO] PluginManage:359 - Loaded plugin ddr (category:tool,tabindex:6)
2024-08-11 17:08:09,304 [INFO] PluginManage:310 - Check plugin filemanager
2024-08-11 17:08:09,435 [INFO] PluginManage:359 - Loaded plugin filemanager (category:base,tabindex:10)
2024-08-11 17:08:09,435 [INFO] PluginManage:310 - Check plugin ipmanager
2024-08-11 17:08:09,441 [INFO] PluginManage:359 - Loaded plugin ipmanager (category:base,tabindex:5)
2024-08-11 17:08:09,442 [INFO] PluginManage:310 - Check plugin lpbam
2024-08-11 17:08:09,452 [INFO] PluginManage:359 - Loaded plugin lpbam (category:base,tabindex:0)
2024-08-11 17:08:09,452 [INFO] PluginManage:310 - Check plugin memorymap
2024-08-11 17:08:09,489 [INFO] PluginManage:359 - Loaded plugin memorymap (category:base,tabindex:4)
2024-08-11 17:08:09,489 [INFO] PluginManage:310 - Check plugin pinoutandconfiguration
2024-08-11 17:08:09,496 [INFO] PluginManage:359 - Loaded plugin pinoutandconfiguration (category:base,tabindex:1)
2024-08-11 17:08:09,497 [INFO] PluginManage:310 - Check plugin pinoutconfig
2024-08-11 17:08:09,668 [WARN] SupportedApi:132 - Cannot load RTOS API schema: s4s-elt-must-match.1: The content of 'definitions' must match (annotation?, (simpleType | complexType)?, (unique | key | keyref)*)). A problem was found starting at: attribute.
2024-08-11 17:08:09,923 [INFO] PluginManage:359 - Loaded plugin pinoutconfig (category:base,tabindex:0)
2024-08-11 17:08:09,924 [INFO] PluginManage:310 - Check plugin power
2024-08-11 17:08:10,016 [INFO] PluginManage:359 - Loaded plugin power (category:power,tabindex:4)
2024-08-11 17:08:10,016 [INFO] PluginManage:310 - Check plugin projectmanager
2024-08-11 17:08:10,035 [INFO] PluginManage:359 - Loaded plugin projectmanager (category:projectmanager,tabindex:4)
2024-08-11 17:08:10,035 [INFO] PluginManage:310 - Check plugin rif
2024-08-11 17:08:10,040 [INFO] PluginManage:359 - Loaded plugin rif (category:base,tabindex:3)
2024-08-11 17:08:10,040 [INFO] PluginManage:310 - Check plugin thirdparty
2024-08-11 17:08:10,240 [INFO] PluginManage:359 - Loaded plugin thirdparty (category:base,tabindex:-1)
2024-08-11 17:08:10,240 [INFO] PluginManage:310 - Check plugin tools
2024-08-11 17:08:10,244 [INFO] PluginManage:359 - Loaded plugin tools (category:base,tabindex:7)
2024-08-11 17:08:10,244 [WARN] IntegrityCheckThread:84 - waiting for thirdparty lock release [integrity check]
2024-08-11 17:08:10,245 [INFO] PluginManage:310 - Check plugin tutovideos
2024-08-11 17:08:10,245 [INFO] IntegrityCheckThread:86 - entering critical section [integrity check]
2024-08-11 17:08:10,245 [INFO] ThirdPartyUpdaterWithRetryManager:70 - Updater plugin not ready yet. [1/15]
2024-08-11 17:08:10,589 [INFO] PluginManage:359 - Loaded plugin tutovideos (category:base,tabindex:-1)
2024-08-11 17:08:10,589 [INFO] PluginManage:310 - Check plugin updater
2024-08-11 17:08:10,622 [INFO] PluginManage:359 - Loaded plugin updater (category:base,tabindex:12)
2024-08-11 17:08:10,622 [INFO] PluginManage:310 - Check plugin userauth
2024-08-11 17:08:10,631 [INFO] UserAuth:113 - Init User Auth plugin
2024-08-11 17:08:10,632 [INFO] PluginManage:359 - Loaded plugin userauth (category:base,tabindex:14)
2024-08-11 17:08:10,632 [INFO] PluginManage:283 - PluginManage : Loaded plugins [18]
2024-08-11 17:08:10,995 [INFO] PinOutPanel:1561 - setPackage(No Configuration,No Configuration)
2024-08-11 17:08:11,152 [INFO] CADModel:165 - CPN selected for project level
2024-08-11 17:08:11,153 [INFO] CADModel:114 - Register for checkConnection events
2024-08-11 17:08:11,178 [INFO] IPUIPlugin:80 - create IPUIPlugin
2024-08-11 17:08:11,178 [INFO] PluginManager:220 - loadIPPluginJar : add adc
2024-08-11 17:08:11,182 [INFO] IPUIPlugin:80 - create IPUIPlugin
2024-08-11 17:08:11,182 [INFO] PluginManager:220 - loadIPPluginJar : add aes
2024-08-11 17:08:11,187 [INFO] IPUIPlugin:80 - create IPUIPlugin
2024-08-11 17:08:11,187 [INFO] PluginManager:220 - loadIPPluginJar : add can
2024-08-11 17:08:11,189 [INFO] IPUIPlugin:80 - create IPUIPlugin
2024-08-11 17:08:11,190 [INFO] PluginManager:220 - loadIPPluginJar : add comp
2024-08-11 17:08:11,193 [INFO] IPUIPlugin:80 - create IPUIPlugin
2024-08-11 17:08:11,194 [INFO] PluginManager:220 - loadIPPluginJar : add cryp
2024-08-11 17:08:11,199 [INFO] IPUIPlugin:80 - create IPUIPlugin
2024-08-11 17:08:11,199 [INFO] PluginManager:220 - loadIPPluginJar : add ddr_ctrl_phy
2024-08-11 17:08:11,203 [INFO] IPUIPlugin:80 - create IPUIPlugin
2024-08-11 17:08:11,203 [INFO] PluginManager:220 - loadIPPluginJar : add dfsdm
2024-08-11 17:08:11,212 [INFO] IPUIPlugin:80 - create IPUIPlugin
2024-08-11 17:08:11,213 [INFO] PluginManager:220 - loadIPPluginJar : add dma
2024-08-11 17:08:11,220 [INFO] IPUIPlugin:80 - create IPUIPlugin
2024-08-11 17:08:11,221 [INFO] PluginManager:220 - loadIPPluginJar : add dma3
2024-08-11 17:08:11,226 [INFO] IPUIPlugin:80 - create IPUIPlugin
2024-08-11 17:08:11,226 [INFO] PluginManager:220 - loadIPPluginJar : add extmemmanager
2024-08-11 17:08:11,228 [INFO] IPUIPlugin:80 - create IPUIPlugin
2024-08-11 17:08:11,228 [INFO] PluginManager:220 - loadIPPluginJar : add fatfs
2024-08-11 17:08:11,237 [INFO] IPUIPlugin:80 - create IPUIPlugin
2024-08-11 17:08:11,237 [INFO] PluginManager:220 - loadIPPluginJar : add fmc
2024-08-11 17:08:11,246 [INFO] IPUIPlugin:80 - create IPUIPlugin
2024-08-11 17:08:11,246 [INFO] PluginManager:220 - loadIPPluginJar : add freertos
2024-08-11 17:08:11,248 [INFO] IPUIPlugin:80 - create IPUIPlugin
2024-08-11 17:08:11,248 [INFO] PluginManager:220 - loadIPPluginJar : add genericplugin
2024-08-11 17:08:11,252 [INFO] IPUIPlugin:80 - create IPUIPlugin
2024-08-11 17:08:11,252 [INFO] PluginManager:220 - loadIPPluginJar : add gfxmmu
2024-08-11 17:08:11,261 [INFO] IPUIPlugin:80 - create IPUIPlugin
2024-08-11 17:08:11,261 [INFO] PluginManager:220 - loadIPPluginJar : add gic
2024-08-11 17:08:11,266 [INFO] IPUIPlugin:80 - create IPUIPlugin
2024-08-11 17:08:11,266 [INFO] PluginManager:220 - loadIPPluginJar : add gpio
2024-08-11 17:08:11,272 [INFO] IPUIPlugin:80 - create IPUIPlugin
2024-08-11 17:08:11,272 [INFO] PluginManager:220 - loadIPPluginJar : add gtzc
2024-08-11 17:08:11,275 [INFO] IPUIPlugin:80 - create IPUIPlugin
2024-08-11 17:08:11,275 [INFO] PluginManager:220 - loadIPPluginJar : add hash
2024-08-11 17:08:11,278 [INFO] IPUIPlugin:80 - create IPUIPlugin
2024-08-11 17:08:11,278 [INFO] PluginManager:220 - loadIPPluginJar : add i2c
2024-08-11 17:08:11,282 [INFO] IPUIPlugin:80 - create IPUIPlugin
2024-08-11 17:08:11,283 [INFO] PluginManager:220 - loadIPPluginJar : add i2s
2024-08-11 17:08:11,291 [INFO] IPUIPlugin:80 - create IPUIPlugin
2024-08-11 17:08:11,292 [INFO] PluginManager:220 - loadIPPluginJar : add i3c
2024-08-11 17:08:11,298 [INFO] IPUIPlugin:80 - create IPUIPlugin
2024-08-11 17:08:11,299 [INFO] PluginManager:220 - loadIPPluginJar : add ipddr
2024-08-11 17:08:11,315 [INFO] IPUIPlugin:80 - create IPUIPlugin
2024-08-11 17:08:11,321 [INFO] PluginManager:220 - loadIPPluginJar : add linkedlist
2024-08-11 17:08:11,329 [INFO] IPUIPlugin:80 - create IPUIPlugin
2024-08-11 17:08:11,329 [INFO] PluginManager:220 - loadIPPluginJar : add lorawan
2024-08-11 17:08:11,333 [INFO] IPUIPlugin:80 - create IPUIPlugin
2024-08-11 17:08:11,334 [INFO] PluginManager:220 - loadIPPluginJar : add ltdc
2024-08-11 17:08:11,343 [INFO] IPUIPlugin:80 - create IPUIPlugin
2024-08-11 17:08:11,344 [INFO] PluginManager:220 - loadIPPluginJar : add mdma
2024-08-11 17:08:11,349 [INFO] IPUIPlugin:80 - create IPUIPlugin
2024-08-11 17:08:11,350 [INFO] PluginManager:220 - loadIPPluginJar : add nvic
2024-08-11 17:08:11,356 [INFO] IPUIPlugin:80 - create IPUIPlugin
2024-08-11 17:08:11,356 [INFO] PluginManager:220 - loadIPPluginJar : add opamp
2024-08-11 17:08:11,362 [INFO] IPUIPlugin:80 - create IPUIPlugin
2024-08-11 17:08:11,362 [INFO] PluginManager:220 - loadIPPluginJar : add openamp
2024-08-11 17:08:11,368 [INFO] IPUIPlugin:80 - create IPUIPlugin
2024-08-11 17:08:11,368 [INFO] PluginManager:220 - loadIPPluginJar : add pdm2pcm
2024-08-11 17:08:11,378 [INFO] IPUIPlugin:80 - create IPUIPlugin
2024-08-11 17:08:11,382 [INFO] PluginManager:220 - loadIPPluginJar : add plateformsettings
2024-08-11 17:08:11,386 [INFO] IPUIPlugin:80 - create IPUIPlugin
2024-08-11 17:08:11,386 [INFO] PluginManager:220 - loadIPPluginJar : add quadspi
2024-08-11 17:08:11,391 [INFO] IPUIPlugin:80 - create IPUIPlugin
2024-08-11 17:08:11,392 [INFO] PluginManager:220 - loadIPPluginJar : add radio
2024-08-11 17:08:11,399 [INFO] IPUIPlugin:80 - create IPUIPlugin
2024-08-11 17:08:11,399 [INFO] PluginManager:220 - loadIPPluginJar : add resmgrutility
2024-08-11 17:08:11,404 [INFO] IPUIPlugin:80 - create IPUIPlugin
2024-08-11 17:08:11,404 [INFO] PluginManager:220 - loadIPPluginJar : add sai
2024-08-11 17:08:11,409 [INFO] IPUIPlugin:80 - create IPUIPlugin
2024-08-11 17:08:11,410 [INFO] PluginManager:220 - loadIPPluginJar : add spi
2024-08-11 17:08:11,420 [INFO] IPUIPlugin:80 - create IPUIPlugin
2024-08-11 17:08:11,420 [INFO] PluginManager:220 - loadIPPluginJar : add stm32_wpan
2024-08-11 17:08:11,423 [INFO] IPUIPlugin:80 - create IPUIPlugin
2024-08-11 17:08:11,424 [INFO] PluginManager:220 - loadIPPluginJar : add tim
2024-08-11 17:08:11,430 [INFO] IPUIPlugin:80 - create IPUIPlugin
2024-08-11 17:08:11,430 [INFO] PluginManager:220 - loadIPPluginJar : add touchsensing
2024-08-11 17:08:11,433 [INFO] IPUIPlugin:80 - create IPUIPlugin
2024-08-11 17:08:11,434 [INFO] PluginManager:220 - loadIPPluginJar : add tracer_emb
2024-08-11 17:08:11,438 [INFO] IPUIPlugin:80 - create IPUIPlugin
2024-08-11 17:08:11,438 [INFO] PluginManager:220 - loadIPPluginJar : add ts
2024-08-11 17:08:11,440 [INFO] IPUIPlugin:80 - create IPUIPlugin
2024-08-11 17:08:11,440 [INFO] PluginManager:220 - loadIPPluginJar : add tsc
2024-08-11 17:08:11,442 [INFO] IPUIPlugin:80 - create IPUIPlugin
2024-08-11 17:08:11,443 [INFO] PluginManager:220 - loadIPPluginJar : add ucpd
2024-08-11 17:08:11,448 [INFO] IPUIPlugin:80 - create IPUIPlugin
2024-08-11 17:08:11,448 [INFO] PluginManager:220 - loadIPPluginJar : add usart
2024-08-11 17:08:11,453 [INFO] IPUIPlugin:80 - create IPUIPlugin
2024-08-11 17:08:11,453 [INFO] PluginManager:220 - loadIPPluginJar : add usbx
2024-08-11 17:08:11,683 [INFO] CADModel:165 - CPN selected for project level
2024-08-11 17:08:11,683 [INFO] CADModel:114 - Register for checkConnection events
2024-08-11 17:08:11,683 [FATAL] Updater:334 - Updater called before beeing initialized
2024-08-11 17:08:11,684 [ERROR] CADModel:125 - Updater not yet initialized, retry later 
2024-08-11 17:08:11,817 [INFO] CADModel:165 - CPN selected for project level
2024-08-11 17:08:11,818 [INFO] CADModel:114 - Register for checkConnection events
2024-08-11 17:08:11,818 [FATAL] Updater:334 - Updater called before beeing initialized
2024-08-11 17:08:11,818 [ERROR] CADModel:125 - Updater not yet initialized, retry later 
2024-08-11 17:08:11,821 [FATAL] Updater:334 - Updater called before beeing initialized
2024-08-11 17:08:11,974 [FATAL] Updater:334 - Updater called before beeing initialized
2024-08-11 17:08:11,990 [INFO] DbMcusAds:53 - JSON generation date=Thu Sep 30 13:55:09 ICT 2021 (1632984909247)
2024-08-11 17:08:11,990 [FATAL] Updater:334 - Updater called before beeing initialized
2024-08-11 17:08:12,039 [WARN] DetailPanel:346 - Failed to get advertising image, set to default
2024-08-11 17:08:12,143 [FATAL] Updater:334 - Updater called before beeing initialized
2024-08-11 17:08:12,146 [FATAL] Updater:334 - Updater called before beeing initialized
2024-08-11 17:08:12,146 [FATAL] Updater:334 - Updater called before beeing initialized
2024-08-11 17:08:12,146 [WARN] DetailPanel:346 - Failed to get advertising image, set to default
2024-08-11 17:08:12,149 [FATAL] Updater:334 - Updater called before beeing initialized
2024-08-11 17:08:12,216 [ERROR] Updater:1164 - MainUpdater not yet initialized. External WinMGr cannot be set.
2024-08-11 17:08:12,217 [INFO] Updater:1100 - Updater Version found : 6.12.0
2024-08-11 17:08:12,236 [INFO] ApplicationProperties:184 - Using Application install path: C:\ST\STM32CubeIDE_1.16.0\STM32CubeIDE\plugins\com.st.stm32cube.common.mx_6.12.0.202406281431
2024-08-11 17:08:13,248 [INFO] ThirdPartyUpdaterWithRetryManager:70 - Updater plugin not ready yet. [2/15]
2024-08-11 17:08:13,850 [ERROR] LogOutputStream:75 - [STDERR_REDIRECT] Aug 11, 2024 5:08:13 PM java.util.prefs.WindowsPreferences <init>
2024-08-11 17:08:13,853 [ERROR] LogOutputStream:75 - [STDERR_REDIRECT] WARNING: Could not open/create prefs root node Software\JavaSoft\Prefs at root 0xffffffff80000002. Windows RegCreateKeyEx(...) returned error code 5.
2024-08-11 17:08:13,853 [ERROR] LogOutputStream:75 - [STDERR_REDIRECT] 
2024-08-11 17:08:13,878 [INFO] MainUpdater:526 - Copy updater definitions from MX database
2024-08-11 17:08:13,943 [INFO] MainUpdater:559 - Copy flag file definitions from MX database
2024-08-11 17:08:14,035 [INFO] MainUpdater:575 - Copy thirdparty index definitions from MX database
2024-08-11 17:08:14,038 [INFO] MainUpdater:594 - Copy default thirdparty db definitions from MX database
2024-08-11 17:08:14,551 [INFO] MainUpdater:2873 - connection check result : 10
2024-08-11 17:08:14,552 [INFO] MainUpdater:3567 - Updater definition file requires update
2024-08-11 17:08:14,553 [INFO] MainUpdater:290 - Updater Check For Update Now.
2024-08-11 17:08:14,553 [INFO] MicroXplorer:498 - Change Database Version : DB.6.0.120
2024-08-11 17:08:14,557 [INFO] McuFinderGlobals:63 - Set McuFinder mode to 2 (CubeIDE integrated)
2024-08-11 17:08:14,557 [INFO] UserAuth:179 - activating auth plugin
2024-08-11 17:08:14,562 [INFO] UserAuth:417 - Internet connection configuration mode: 1
2024-08-11 17:08:14,574 [INFO] JxBrowserEngine:152 - Initiate JxBrowser Engine with user profile folder
2024-08-11 17:08:14,832 [INFO] ServerAccessManage:473 - Download File updaters.zip
2024-08-11 17:08:15,282 [INFO] FileExtend:240 - Unzip File : updaters.zip
2024-08-11 17:08:15,282 [INFO] FileExtend:255 - Standard Zip Deflate
2024-08-11 17:08:16,300 [WARN] MainUpdater:1194 - Updater busy. Cannot search thirdparties
2024-08-11 17:08:16,300 [INFO] ThirdPartyUpdaterWithRetryManager:96 - Updater plugin is busy. [1/15]
2024-08-11 17:08:16,644 [INFO] ServerAccessManage:473 - Download File PacksControlFlags.xml
2024-08-11 17:08:16,777 [INFO] ServerAccessManage:473 - Download File cubemx.pidx
2024-08-11 17:08:17,054 [INFO] ServerAccessManage:473 - Download File STMicroelectronics.FP-ATR-ASTRA1.pdsc
2024-08-11 17:08:17,515 [INFO] ServerAccessManage:473 - Download File STMicroelectronics.FP-ATR-SIGFOX1.pdsc
2024-08-11 17:08:17,710 [INFO] ServerAccessManage:473 - Download File STMicroelectronics.FP-SNS-STBOX1.pdsc
2024-08-11 17:08:17,913 [INFO] ServerAccessManage:473 - Download File STMicroelectronics.FP-SNS-FLIGHT1.pdsc
2024-08-11 17:08:18,239 [INFO] ServerAccessManage:473 - Download File STMicroelectronics.FP-SNS-MOTENV1.pdsc
2024-08-11 17:08:18,715 [INFO] ServerAccessManage:473 - Download File STMicroelectronics.FP-SNS-MOTENVWB1.pdsc
2024-08-11 17:08:19,154 [INFO] ServerAccessManage:473 - Download File STMicroelectronics.FP-SNS-SMARTAG2.pdsc
2024-08-11 17:08:19,312 [WARN] MainUpdater:1194 - Updater busy. Cannot search thirdparties
2024-08-11 17:08:19,313 [INFO] ThirdPartyUpdaterWithRetryManager:96 - Updater plugin is busy. [2/15]
2024-08-11 17:08:19,321 [INFO] ServerAccessManage:473 - Download File STMicroelectronics.X-CUBE-AI.pdsc
2024-08-11 17:08:20,726 [INFO] ServerAccessManage:473 - Download File STMicroelectronics.X-CUBE-ALS.pdsc
2024-08-11 17:08:20,836 [INFO] WebApp:167 - Instantiating new browser for Auth
2024-08-11 17:08:21,069 [INFO] ServerAccessManage:473 - Download File STMicroelectronics.X-CUBE-BLE1.pdsc
2024-08-11 17:08:21,734 [INFO] WebApp:448 - Apply proxy settings
2024-08-11 17:08:21,734 [INFO] WebApp:533 - Chromium requires no authentication
2024-08-11 17:08:21,743 [INFO] WebApp:476 - Direct internet connection detected
2024-08-11 17:08:21,770 [INFO] WebApp:869 - Register for checkConnection events
2024-08-11 17:08:21,770 [INFO] WebApp:448 - Apply proxy settings
2024-08-11 17:08:21,770 [INFO] WebApp:533 - Chromium requires no authentication
2024-08-11 17:08:21,771 [INFO] WebApp:476 - Direct internet connection detected
2024-08-11 17:08:22,016 [INFO] WebApp:186 - Connection restablished
2024-08-11 17:08:22,039 [INFO] WebApp:220 - Starting web application
2024-08-11 17:08:22,039 [INFO] WebApp:578 - Web application path used C:\ST\STM32CubeIDE_1.16.0\STM32CubeIDE\plugins\com.st.stm32cube.common.mx_6.12.0.202406281431\db\plugins\mcufinder\reactClient1\index.html
2024-08-11 17:08:22,325 [WARN] MainUpdater:1194 - Updater busy. Cannot search thirdparties
2024-08-11 17:08:22,326 [INFO] ThirdPartyUpdaterWithRetryManager:96 - Updater plugin is busy. [3/15]
2024-08-11 17:08:23,030 [ERROR] ServerAccessManage:1089 - Problem, file not found on Server
2024-08-11 17:08:23,118 [INFO] ServerAccessManage:473 - Download File STMicroelectronics.X-CUBE-BLE2.pdsc
2024-08-11 17:08:24,281 [INFO] ServerAccessManage:473 - Download File STMicroelectronics.X-CUBE-BLEMGR.pdsc
2024-08-11 17:08:25,216 [INFO] ServerAccessManage:473 - Download File STMicroelectronics.X-CUBE-DISPLAY.pdsc
2024-08-11 17:08:25,338 [WARN] MainUpdater:1194 - Updater busy. Cannot search thirdparties
2024-08-11 17:08:25,338 [INFO] ThirdPartyUpdaterWithRetryManager:96 - Updater plugin is busy. [4/15]
2024-08-11 17:08:25,800 [INFO] ServerAccessManage:473 - Download File STMicroelectronics.X-CUBE-DPOWER.pdsc
2024-08-11 17:08:26,948 [ERROR] ServerAccessManage:1089 - Problem, file not found on Server
2024-08-11 17:08:27,735 [ERROR] ServerAccessManage:1089 - Problem, file not found on Server
2024-08-11 17:08:28,350 [WARN] MainUpdater:1194 - Updater busy. Cannot search thirdparties
2024-08-11 17:08:28,350 [INFO] ThirdPartyUpdaterWithRetryManager:96 - Updater plugin is busy. [5/15]
2024-08-11 17:08:28,569 [ERROR] ServerAccessManage:1089 - Problem, file not found on Server
2024-08-11 17:08:29,354 [ERROR] ServerAccessManage:1089 - Problem, file not found on Server
2024-08-11 17:08:30,156 [ERROR] ServerAccessManage:1089 - Problem, file not found on Server
2024-08-11 17:08:30,972 [ERROR] ServerAccessManage:1089 - Problem, file not found on Server
2024-08-11 17:08:31,361 [WARN] MainUpdater:1194 - Updater busy. Cannot search thirdparties
2024-08-11 17:08:31,362 [INFO] ThirdPartyUpdaterWithRetryManager:96 - Updater plugin is busy. [6/15]
2024-08-11 17:08:31,865 [ERROR] ServerAccessManage:1089 - Problem, file not found on Server
2024-08-11 17:08:32,676 [ERROR] ServerAccessManage:1089 - Problem, file not found on Server
2024-08-11 17:08:33,487 [ERROR] ServerAccessManage:1089 - Problem, file not found on Server
2024-08-11 17:08:34,293 [ERROR] ServerAccessManage:1089 - Problem, file not found on Server
2024-08-11 17:08:34,364 [WARN] MainUpdater:1194 - Updater busy. Cannot search thirdparties
2024-08-11 17:08:34,364 [INFO] ThirdPartyUpdaterWithRetryManager:96 - Updater plugin is busy. [7/15]
2024-08-11 17:08:35,107 [ERROR] ServerAccessManage:1089 - Problem, file not found on Server
2024-08-11 17:08:35,196 [INFO] ServerAccessManage:473 - Download File STMicroelectronics.X-CUBE-EEPRMA1.pdsc
2024-08-11 17:08:36,137 [ERROR] ServerAccessManage:1089 - Problem, file not found on Server
2024-08-11 17:08:36,569 [ERROR] ServerAccessManage:1089 - Problem, file not found on Server
2024-08-11 17:08:36,968 [INFO] ServerAccessManage:473 - Download File STMicroelectronics.X-CUBE-FREERTOS.pdsc
2024-08-11 17:08:37,301 [INFO] ServerAccessManage:473 - Download File STMicroelectronics.X-CUBE-GNSS1.pdsc
2024-08-11 17:08:37,376 [WARN] MainUpdater:1194 - Updater busy. Cannot search thirdparties
2024-08-11 17:08:37,377 [INFO] ThirdPartyUpdaterWithRetryManager:96 - Updater plugin is busy. [8/15]
2024-08-11 17:08:38,816 [ERROR] ServerAccessManage:1089 - Problem, file not found on Server
2024-08-11 17:08:39,588 [ERROR] ServerAccessManage:1089 - Problem, file not found on Server
2024-08-11 17:08:40,379 [WARN] MainUpdater:1194 - Updater busy. Cannot search thirdparties
2024-08-11 17:08:40,379 [INFO] ThirdPartyUpdaterWithRetryManager:96 - Updater plugin is busy. [9/15]
2024-08-11 17:08:40,403 [ERROR] ServerAccessManage:1089 - Problem, file not found on Server
2024-08-11 17:08:41,257 [ERROR] ServerAccessManage:1089 - Problem, file not found on Server
2024-08-11 17:08:41,527 [ERROR] ServerAccessManage:1089 - Problem, file not found on Server
2024-08-11 17:08:42,342 [ERROR] ServerAccessManage:1089 - Problem, file not found on Server
2024-08-11 17:08:42,419 [INFO] ServerAccessManage:473 - Download File STMicroelectronics.X-CUBE-ISPU.pdsc
2024-08-11 17:08:42,795 [INFO] ServerAccessManage:473 - Download File STMicroelectronics.X-CUBE-MEMS1.pdsc
2024-08-11 17:08:43,389 [WARN] MainUpdater:1194 - Updater busy. Cannot search thirdparties
2024-08-11 17:08:43,390 [INFO] ThirdPartyUpdaterWithRetryManager:96 - Updater plugin is busy. [10/15]
2024-08-11 17:08:44,795 [INFO] ServerAccessManage:473 - Download File STMicroelectronics.X-CUBE-NFC4.pdsc
2024-08-11 17:08:46,404 [WARN] MainUpdater:1194 - Updater busy. Cannot search thirdparties
2024-08-11 17:08:46,405 [INFO] ThirdPartyUpdaterWithRetryManager:96 - Updater plugin is busy. [11/15]
2024-08-11 17:08:46,754 [INFO] ServerAccessManage:473 - Download File STMicroelectronics.X-CUBE-NFC6.pdsc
2024-08-11 17:08:47,015 [INFO] ServerAccessManage:473 - Download File STMicroelectronics.X-CUBE-NFC7.pdsc
2024-08-11 17:08:47,232 [INFO] ServerAccessManage:473 - Download File STMicroelectronics.X-CUBE-SFXS2LP1.pdsc
2024-08-11 17:08:47,626 [INFO] ServerAccessManage:473 - Download File STMicroelectronics.X-CUBE-SAFEA1.pdsc
2024-08-11 17:08:47,768 [INFO] ServerAccessManage:473 - Download File STMicroelectronics.X-CUBE-SUBG2.pdsc
2024-08-11 17:08:48,442 [INFO] ServerAccessManage:473 - Download File STMicroelectronics.X-CUBE-SMBUS.pdsc
2024-08-11 17:08:49,294 [ERROR] ServerAccessManage:1089 - Problem, file not found on Server
2024-08-11 17:08:49,347 [INFO] ServerAccessManage:473 - Download File STMicroelectronics.X-CUBE-TCPP.pdsc
2024-08-11 17:08:49,406 [WARN] MainUpdater:1194 - Updater busy. Cannot search thirdparties
2024-08-11 17:08:49,406 [INFO] ThirdPartyUpdaterWithRetryManager:96 - Updater plugin is busy. [12/15]
2024-08-11 17:08:49,511 [INFO] ServerAccessManage:473 - Download File STMicroelectronics.X-CUBE-TOF1.pdsc
2024-08-11 17:08:50,828 [ERROR] ServerAccessManage:1089 - Problem, file not found on Server
2024-08-11 17:08:50,942 [INFO] ServerAccessManage:473 - Download File STMicroelectronics.X-CUBE-TOUCHGFX.pdsc
2024-08-11 17:08:52,200 [INFO] ServerAccessManage:473 - Download File STMicroelectronics.X-CUBE-ALGOBUILD.pdsc
2024-08-11 17:08:52,411 [WARN] MainUpdater:1194 - Updater busy. Cannot search thirdparties
2024-08-11 17:08:52,411 [INFO] ThirdPartyUpdaterWithRetryManager:96 - Updater plugin is busy. [13/15]
2024-08-11 17:08:52,636 [INFO] ServerAccessManage:473 - Download File STMicroelectronics.X-CUBE-AZRTOS-H7.pdsc
2024-08-11 17:08:54,212 [INFO] ServerAccessManage:473 - Download File STMicroelectronics.X-CUBE-AZRTOS-H7RS.pdsc
2024-08-11 17:08:54,402 [INFO] ServerAccessManage:473 - Download File STMicroelectronics.X-CUBE-AZRTOS-F4.pdsc
2024-08-11 17:08:54,678 [INFO] ServerAccessManage:473 - Download File STMicroelectronics.X-CUBE-AZRTOS-F7.pdsc
2024-08-11 17:08:54,978 [INFO] ServerAccessManage:473 - Download File STMicroelectronics.X-CUBE-AZRTOS-L4.pdsc
2024-08-11 17:08:55,267 [INFO] ServerAccessManage:473 - Download File STMicroelectronics.X-CUBE-AZRTOS-L5.pdsc
2024-08-11 17:08:55,413 [WARN] MainUpdater:1194 - Updater busy. Cannot search thirdparties
2024-08-11 17:08:55,413 [INFO] ThirdPartyUpdaterWithRetryManager:96 - Updater plugin is busy. [14/15]
2024-08-11 17:08:55,599 [INFO] ServerAccessManage:473 - Download File STMicroelectronics.X-CUBE-AZRTOS-G0.pdsc
2024-08-11 17:08:55,872 [INFO] ServerAccessManage:473 - Download File STMicroelectronics.X-CUBE-AZRTOS-G4.pdsc
2024-08-11 17:08:56,092 [INFO] ServerAccessManage:473 - Download File STMicroelectronics.X-CUBE-AZRTOS-WB.pdsc
2024-08-11 17:08:56,333 [INFO] ServerAccessManage:473 - Download File STMicroelectronics.X-CUBE-AZRTOS-WL.pdsc
2024-08-11 17:08:57,951 [INFO] ServerAccessManage:473 - Download File wolfSSL.I-CUBE-wolfSSL.pdsc
2024-08-11 17:08:58,421 [WARN] MainUpdater:1194 - Updater busy. Cannot search thirdparties
2024-08-11 17:08:58,421 [INFO] ThirdPartyUpdaterWithRetryManager:96 - Updater plugin is busy. [15/15]
2024-08-11 17:08:58,421 [ERROR] IntegrityCheckThread:130 - Cannot retrieve database content from updater: error -1
2024-08-11 17:08:58,422 [INFO] ThirdParty:978 - Integrity check success = false
2024-08-11 17:08:58,422 [INFO] IntegrityCheckThread:100 - exiting critical section [integrity check]
2024-08-11 17:08:58,422 [INFO] IntegrityCheckThread:103 - End integrity checks thread
2024-08-11 17:09:07,085 [ERROR] ServerAccessManage:1089 - Problem, file not found on Server
2024-08-11 17:09:07,719 [ERROR] ServerAccessManage:1089 - Problem, file not found on Server
2024-08-11 17:09:08,328 [ERROR] ServerAccessManage:1089 - Problem, file not found on Server
2024-08-11 17:09:08,645 [INFO] ServerAccessManage:473 - Download File wolfSSL.I-CUBE-wolfMQTT.pdsc
2024-08-11 17:09:10,658 [ERROR] ServerAccessManage:1089 - Problem, file not found on Server
2024-08-11 17:09:10,977 [INFO] ServerAccessManage:473 - Download File wolfSSL.I-CUBE-wolfTPM.pdsc
2024-08-11 17:09:13,062 [INFO] ServerAccessManage:473 - Download File wolfSSL.I-CUBE-wolfSSH.pdsc
2024-08-11 17:09:15,441 [INFO] ServerAccessManage:473 - Download File RealThread.X-CUBE-RT-Thread_Nano.pdsc
2024-08-11 17:09:17,093 [INFO] ServerAccessManage:473 - Download File SEGGER.I-CUBE-embOS.pdsc
2024-08-11 17:09:20,221 [INFO] ServerAccessManage:473 - Download File portGmbH.I-Cube-SoM-uGOAL.pdsc
2024-08-11 17:09:22,397 [ERROR] ServerAccessManage:1089 - Problem, file not found on Server
2024-08-11 17:09:22,618 [ERROR] ServerAccessManage:1089 - Problem, file not found on Server
2024-08-11 17:09:22,842 [ERROR] ServerAccessManage:1089 - Problem, file not found on Server
2024-08-11 17:09:24,196 [INFO] ServerAccessManage:473 - Download File emotas.I-CUBE-CANOPEN.pdsc
2024-08-11 17:09:25,982 [INFO] ServerAccessManage:473 - Download File WES.I-CUBE-Cesium.pdsc
2024-08-11 17:09:26,718 [ERROR] ServerAccessManage:1089 - Problem, file not found on Server
2024-08-11 17:09:27,045 [ERROR] ServerAccessManage:1089 - Problem, file not found on Server
2024-08-11 17:09:27,993 [INFO] ServerAccessManage:473 - Download File ITTIA_DB.I-CUBE-ITTIADB.pdsc
2024-08-11 17:09:32,545 [INFO] ServerAccessManage:473 - Download File Infineon.AIROC-Wi-Fi-Bluetooth-STM32.pdsc
2024-08-11 17:09:33,094 [ERROR] LogOutputStream:75 - [STDERR_REDIRECT] 
